{"numFailedTestSuites":0,"numFailedTests":0,"numPassedTestSuites":4,"numPassedTests":29,"numPendingTestSuites":0,"numPendingTests":0,"numRuntimeErrorTestSuites":0,"numTodoTests":0,"numTotalTestSuites":4,"numTotalTests":29,"openHandles":[],"snapshot":{"added":0,"didUpdate":false,"failure":false,"filesAdded":0,"filesRemoved":0,"filesRemovedList":[],"filesUnmatched":0,"filesUpdated":0,"matched":0,"total":0,"unchecked":0,"uncheckedKeysByFile":[],"unmatched":0,"updated":0},"startTime":1652169052673,"success":true,"testResults":[{"assertionResults":[{"ancestorTitles":["components/display/Typography"],"failureMessages":[],"fullName":"components/display/Typography renders the typography with the class and h1 tag","location":null,"status":"passed","title":"renders the typography with the class and h1 tag"},{"ancestorTitles":["components/display/Typography"],"failureMessages":[],"fullName":"components/display/Typography renders the typography with the class and h2 tag","location":null,"status":"passed","title":"renders the typography with the class and h2 tag"},{"ancestorTitles":["components/display/Typography"],"failureMessages":[],"fullName":"components/display/Typography renders the typography with the class and h3 tag","location":null,"status":"passed","title":"renders the typography with the class and h3 tag"},{"ancestorTitles":["components/display/Typography"],"failureMessages":[],"fullName":"components/display/Typography renders the typography with the class and h4 tag","location":null,"status":"passed","title":"renders the typography with the class and h4 tag"},{"ancestorTitles":["components/display/Typography"],"failureMessages":[],"fullName":"components/display/Typography renders the typography with the class and h5 tag","location":null,"status":"passed","title":"renders the typography with the class and h5 tag"},{"ancestorTitles":["components/display/Typography"],"failureMessages":[],"fullName":"components/display/Typography renders the typography with the class body1 and tag span","location":null,"status":"passed","title":"renders the typography with the class body1 and tag span"},{"ancestorTitles":["components/display/Typography"],"failureMessages":[],"fullName":"components/display/Typography renders the typography with the class body and tag span","location":null,"status":"passed","title":"renders the typography with the class body and tag span"},{"ancestorTitles":["components/display/Typography"],"failureMessages":[],"fullName":"components/display/Typography renders the typography with the class body and tag span","location":null,"status":"passed","title":"renders the typography with the class body and tag span"},{"ancestorTitles":["components/display/Typography"],"failureMessages":[],"fullName":"components/display/Typography renders the typography with the class body and tag span","location":null,"status":"passed","title":"renders the typography with the class body and tag span"},{"ancestorTitles":["components/display/Typography"],"failureMessages":[],"fullName":"components/display/Typography renders the typography with the class body and tag span when no variant is provided","location":null,"status":"passed","title":"renders the typography with the class body and tag span when no variant is provided"},{"ancestorTitles":["components/display/Typography"],"failureMessages":[],"fullName":"components/display/Typography renders the typography with the content in the children.","location":null,"status":"passed","title":"renders the typography with the content in the children."},{"ancestorTitles":["components/display/Typography"],"failureMessages":[],"fullName":"components/display/Typography renders the typography with a custom component.","location":null,"status":"passed","title":"renders the typography with a custom component."}],"endTime":1652169053428,"message":"","name":"/Users/dogoodpeople/workspace/zignaly-ui/src/components/display/Typography/typography.test.tsx","startTime":1652169053022,"status":"passed","summary":""},{"assertionResults":[{"ancestorTitles":["components/display/ZigWalletIndictator","renders"],"failureMessages":[],"fullName":"components/display/ZigWalletIndictator renders ZigWalletIndictator shows zigs","location":null,"status":"passed","title":"ZigWalletIndictator shows zigs"},{"ancestorTitles":["components/display/ZigWalletIndictator","renders"],"failureMessages":[],"fullName":"components/display/ZigWalletIndictator renders ZigWalletIndictator with dolphin rank","location":null,"status":"passed","title":"ZigWalletIndictator with dolphin rank"},{"ancestorTitles":["components/display/ZigWalletIndictator","renders"],"failureMessages":[],"fullName":"components/display/ZigWalletIndictator renders ZigWalletIndictator with whale rank","location":null,"status":"passed","title":"ZigWalletIndictator with whale rank"}],"endTime":1652169053724,"message":"","name":"/Users/dogoodpeople/workspace/zignaly-ui/src/components/display/ZigWalletIndicator/zigWalletIndicator.test.tsx","startTime":1652169053440,"status":"passed","summary":""},{"assertionResults":[{"ancestorTitles":["components/display/Avatar","renders"],"failureMessages":[],"fullName":"components/display/Avatar renders Avatar with small size","location":null,"status":"passed","title":"Avatar with small size"},{"ancestorTitles":["components/display/Avatar","renders"],"failureMessages":[],"fullName":"components/display/Avatar renders Avatar with medium size","location":null,"status":"passed","title":"Avatar with medium size"},{"ancestorTitles":["components/display/Avatar","renders"],"failureMessages":[],"fullName":"components/display/Avatar renders Avatar with large size","location":null,"status":"passed","title":"Avatar with large size"},{"ancestorTitles":["components/display/Avatar","renders"],"failureMessages":[],"fullName":"components/display/Avatar renders Avatar with hash","location":null,"status":"passed","title":"Avatar with hash"},{"ancestorTitles":["components/display/Avatar","renders"],"failureMessages":[],"fullName":"components/display/Avatar renders Avatar with image","location":null,"status":"passed","title":"Avatar with image"}],"endTime":1652169053934,"message":"","name":"/Users/dogoodpeople/workspace/zignaly-ui/src/components/display/Avatar/avatar.test.tsx","startTime":1652169053733,"status":"passed","summary":""},{"assertionResults":[{"ancestorTitles":["components/display/Loader","renders","LoaderTypes"],"failureMessages":[],"fullName":"components/display/Loader renders LoaderTypes Loader with audio type","location":null,"status":"passed","title":"Loader with audio type"},{"ancestorTitles":["components/display/Loader","renders","LoaderTypes"],"failureMessages":[],"fullName":"components/display/Loader renders LoaderTypes Loader with bars type","location":null,"status":"passed","title":"Loader with bars type"},{"ancestorTitles":["components/display/Loader","renders","LoaderTypes"],"failureMessages":[],"fullName":"components/display/Loader renders LoaderTypes Loader with circles type","location":null,"status":"passed","title":"Loader with circles type"},{"ancestorTitles":["components/display/Loader","renders","LoaderTypes"],"failureMessages":[],"fullName":"components/display/Loader renders LoaderTypes Loader with falling lines type","location":null,"status":"passed","title":"Loader with falling lines type"},{"ancestorTitles":["components/display/Loader","renders","LoaderTypes"],"failureMessages":[],"fullName":"components/display/Loader renders LoaderTypes Loader with grid type","location":null,"status":"passed","title":"Loader with grid type"},{"ancestorTitles":["components/display/Loader","renders","LoaderTypes"],"failureMessages":[],"fullName":"components/display/Loader renders LoaderTypes Loader with oval type","location":null,"status":"passed","title":"Loader with oval type"},{"ancestorTitles":["components/display/Loader","renders","LoaderTypes"],"failureMessages":[],"fullName":"components/display/Loader renders LoaderTypes Loader with tailspin type","location":null,"status":"passed","title":"Loader with tailspin type"},{"ancestorTitles":["components/display/Loader","renders","LoaderTypes"],"failureMessages":[],"fullName":"components/display/Loader renders LoaderTypes Loader with three dots type","location":null,"status":"passed","title":"Loader with three dots type"},{"ancestorTitles":["components/display/Loader","renders"],"failureMessages":[],"fullName":"components/display/Loader renders with AriaLabel","location":null,"status":"passed","title":"with AriaLabel"}],"endTime":1652169054087,"message":"","name":"/Users/dogoodpeople/workspace/zignaly-ui/src/components/display/Loader/loader.test.tsx","startTime":1652169053941,"status":"passed","summary":""}],"wasInterrupted":false}